[debug] [2021-02-04T21:56:17.160Z] ----------------------------------------------------------------------
[debug] [2021-02-04T21:56:17.162Z] Command:       /usr/local/Cellar/node/14.14.0/bin/node /usr/local/bin/firebase init
[debug] [2021-02-04T21:56:17.163Z] CLI Version:   9.1.0
[debug] [2021-02-04T21:56:17.163Z] Platform:      darwin
[debug] [2021-02-04T21:56:17.163Z] Node Version:  v14.14.0
[debug] [2021-02-04T21:56:17.164Z] Time:          Thu Feb 04 2021 13:56:17 GMT-0800 (Pacific Standard Time)
[debug] [2021-02-04T21:56:17.164Z] ----------------------------------------------------------------------
[debug] [2021-02-04T21:56:17.164Z] 
[debug] [2021-02-04T21:56:17.168Z] > command requires scopes: ["email","openid","https://www.googleapis.com/auth/cloudplatformprojects.readonly","https://www.googleapis.com/auth/firebase","https://www.googleapis.com/auth/cloud-platform"]
[debug] [2021-02-04T21:56:17.169Z] > authorizing via signed-in user
[info] 
     ######## #### ########  ######## ########     ###     ######  ########
     ##        ##  ##     ## ##       ##     ##  ##   ##  ##       ##
     ######    ##  ########  ######   ########  #########  ######  ######
     ##        ##  ##    ##  ##       ##     ## ##     ##       ## ##
     ##       #### ##     ## ######## ########  ##     ##  ######  ########

You're about to initialize a Firebase project in this directory:

  /Users/ixsh9110/Ixshel_Development/vacunas-mexico/vacuna-covid

[info] 
=== Project Setup
[info] 
[info] First, let's associate this project directory with a Firebase project.
[info] You can create multiple project aliases by running firebase use --add, 
[info] but for now we'll just set up a default project.
[info] 
[debug] [2021-02-04T21:56:23.926Z] >>> HTTP REQUEST GET https://firebase.googleapis.com/v1beta1/projects?pageSize=100  
 
[debug] [2021-02-04T21:56:24.180Z] <<< HTTP RESPONSE 200 {"content-type":"application/json; charset=UTF-8","vary":"X-Origin, Referer, Origin,Accept-Encoding","date":"Thu, 04 Feb 2021 21:56:24 GMT","server":"ESF","cache-control":"private","x-xss-protection":"0","x-frame-options":"SAMEORIGIN","x-content-type-options":"nosniff","alt-svc":"h3-29=\":443\"; ma=2592000,h3-T051=\":443\"; ma=2592000,h3-Q050=\":443\"; ma=2592000,h3-Q046=\":443\"; ma=2592000,h3-Q043=\":443\"; ma=2592000,quic=\":443\"; ma=2592000; v=\"46,43\"","accept-ranges":"none","transfer-encoding":"chunked"}
[info] i  Using project vacuna-covid (vacuna-covid) 
[info] 
=== Hosting Setup
[info] 
[info] Your public directory is the folder (relative to your project directory) that
[info] will contain Hosting assets to be uploaded with firebase deploy. If you
[info] have a build process for your assets, use your build's output directory.
[info] 
[debug] [2021-02-04T21:56:42.224Z] >>> [apiv2][query] GET https://www.gstatic.com/firebasejs/releases.json [none]
[debug] [2021-02-04T21:56:42.333Z] <<< [apiv2][status] GET https://www.gstatic.com/firebasejs/releases.json 200
[debug] [2021-02-04T21:56:42.333Z] <<< [apiv2][body] GET https://www.gstatic.com/firebasejs/releases.json {"current":{"version":"8.2.5","browserURL":"https://www.gstatic.com/firebasejs/8.2.5/firebase.js","packageURL":"https://www.gstatic.com/firebasejs/8.2.5/firebase.tgz"},"live":{"version":"8.2","browserURL":"https://www.gstatic.com/firebasejs/live/8.2/firebase.js","packageURL":"https://www.gstatic.com/firebasejs/live/8.2/firebase.tgz"},"components":{"analytics":"https://www.gstatic.com/firebasejs/8.2.5/firebase-analytics.js","app":"https://www.gstatic.com/firebasejs/8.2.5/firebase-app.js","auth":"https://www.gstatic.com/firebasejs/8.2.5/firebase-auth.js","database":"https://www.gstatic.com/firebasejs/8.2.5/firebase-database.js","firestore":"https://www.gstatic.com/firebasejs/8.2.5/firebase-firestore.js","functions":"https://www.gstatic.com/firebasejs/8.2.5/firebase-functions.js","installations":"https://www.gstatic.com/firebasejs/8.2.5/firebase-installations.js","messaging":"https://www.gstatic.com/firebasejs/8.2.5/firebase-messaging.js","storage":"https://www.gstatic.com/firebasejs/8.2.5/firebase-storage.js","performance":"https://www.gstatic.com/firebasejs/8.2.5/firebase-performance.js","remote-config":"https://www.gstatic.com/firebasejs/8.2.5/firebase-remote-config.js","firestore.memory":"https://www.gstatic.com/firebasejs/8.2.5/firebase-firestore.memory.js"}}
[info] i  Skipping write of build/index.html 
[info] 
[info] i  Detected a .git folder at /Users/ixsh9110/Ixshel_Development/vacunas-mexico/vacuna-covid 
[info] i  Authorizing with GitHub to upload your service account to a GitHub repository's secrets store. 
[info] 
[info] Visit this URL on this device to log in:
[info] https://github.com/login/oauth/authorize?client_id=89cf50f02ac6aaed3484&state=509211580&redirect_uri=http%3A%2F%2Flocalhost%3A9005&scope=read%3Auser%20repo%20public_repo
[info] 
[info] Waiting for authentication...
[debug] [2021-02-04T21:57:04.909Z] >>> HTTP REQUEST POST https://github.com/login/oauth/access_token  
 {"client_id":"89cf50f02ac6aaed3484","client_secret":"3330d14abc895d9a74d5f17cd7a00711fa2c5bf0","code":"abfbcf9005c23259a9b3","redirect_uri":"http://localhost:9005","state":"509211580"}
[debug] [2021-02-04T21:57:05.344Z] <<< HTTP RESPONSE 200 {"date":"Thu, 04 Feb 2021 21:57:05 GMT","content-type":"application/json; charset=utf-8","transfer-encoding":"chunked","server":"GitHub.com","vary":"X-PJAX, Accept-Encoding, Accept, X-Requested-With, Accept-Encoding","etag":"W/\"5114ad7f8adff0c4e966cfa4eaa15c08\"","cache-control":"max-age=0, private, must-revalidate","strict-transport-security":"max-age=31536000; includeSubdomains; preload","x-frame-options":"deny","x-content-type-options":"nosniff","x-xss-protection":"1; mode=block","referrer-policy":"origin-when-cross-origin, strict-origin-when-cross-origin","expect-ct":"max-age=2592000, report-uri=\"https://api.github.com/_private/browser/errors\"","content-security-policy":"default-src 'none'; base-uri 'self'; block-all-mixed-content; connect-src 'self' uploads.github.com www.githubstatus.com collector.githubapp.com api.github.com github-cloud.s3.amazonaws.com github-production-repository-file-5c1aeb.s3.amazonaws.com github-production-upload-manifest-file-7fdce7.s3.amazonaws.com github-production-user-asset-6210df.s3.amazonaws.com cdn.optimizely.com logx.optimizely.com/v1/events wss://alive.github.com; font-src github.githubassets.com; form-action 'self' github.com gist.github.com; frame-ancestors 'none'; frame-src render.githubusercontent.com; img-src 'self' data: github.githubassets.com identicons.github.com collector.githubapp.com github-cloud.s3.amazonaws.com *.githubusercontent.com; manifest-src 'self'; media-src 'none'; script-src github.githubassets.com; style-src 'unsafe-inline' github.githubassets.com; worker-src github.com/socket-worker-5029ae85.js gist.github.com/socket-worker-5029ae85.js","x-github-request-id":"C6C6:82D6:5CAC7:73B37:601C6DB1"}
[debug] [2021-02-04T21:57:05.346Z] >>> [apiv2][query] GET https://api.github.com/user [none]
[debug] [2021-02-04T21:57:05.789Z] <<< [apiv2][status] GET https://api.github.com/user 200
[debug] [2021-02-04T21:57:05.789Z] <<< [apiv2][body] GET https://api.github.com/user {"login":"ixshel","id":2659407,"node_id":"MDQ6VXNlcjI2NTk0MDc=","avatar_url":"https://avatars.githubusercontent.com/u/2659407?v=4","gravatar_id":"","url":"https://api.github.com/users/ixshel","html_url":"https://github.com/ixshel","followers_url":"https://api.github.com/users/ixshel/followers","following_url":"https://api.github.com/users/ixshel/following{/other_user}","gists_url":"https://api.github.com/users/ixshel/gists{/gist_id}","starred_url":"https://api.github.com/users/ixshel/starred{/owner}{/repo}","subscriptions_url":"https://api.github.com/users/ixshel/subscriptions","organizations_url":"https://api.github.com/users/ixshel/orgs","repos_url":"https://api.github.com/users/ixshel/repos","events_url":"https://api.github.com/users/ixshel/events{/privacy}","received_events_url":"https://api.github.com/users/ixshel/received_events","type":"User","site_admin":false,"name":"ixshel escamilla","company":"@Esri","blog":"","location":"Redlands, Ca","email":"ixshelescamilla@gmail.com","hireable":true,"bio":"Full-Stack Developer and Tech Geek at @Esri","twitter_username":null,"public_repos":50,"public_gists":0,"followers":31,"following":16,"created_at":"2012-10-26T19:07:18Z","updated_at":"2021-02-04T21:57:03Z","private_gists":0,"total_private_repos":23,"owned_private_repos":23,"disk_usage":199917,"collaborators":14,"two_factor_authentication":true,"plan":{"name":"pro","space":976562499,"collaborators":0,"private_repos":9999}}
[info] 
[info] ✔  Success! Logged into GitHub as ixshel 
[info] 
